[0.143s] Invoking command in '/root/yahboomcar_ros2_ws/yahboomcar_ws/build/yahboomcar_base_node': CMAKE_PREFIX_PATH=${CMAKE_PREFIX_PATH}:/root/yahboomcar_ros2_ws/yahboomcar_ws/install/yahboomcar_voice_ctrl:/root/yahboomcar_ros2_ws/yahboomcar_ws/install/yahboomcar_visual:/root/yahboomcar_ros2_ws/yahboomcar_ws/install/yahboomcar_nav:/root/yahboomcar_ros2_ws/yahboomcar_ws/install/yahboomcar_multi:/root/yahboomcar_ros2_ws/yahboomcar_ws/install/yahboomcar_mediapipe:/root/yahboomcar_ros2_ws/yahboomcar_ws/install/yahboomcar_linefollow:/root/yahboomcar_ros2_ws/yahboomcar_ws/install/yahboomcar_laser:/root/yahboomcar_ros2_ws/yahboomcar_ws/install/yahboomcar_description_x1:/root/yahboomcar_ros2_ws/yahboomcar_ws/install/yahboomcar_description:/root/yahboomcar_ros2_ws/yahboomcar_ws/install/yahboomcar_ctrl:/root/yahboomcar_ros2_ws/yahboomcar_ws/install/yahboomcar_bringup:/root/yahboomcar_ros2_ws/yahboomcar_ws/install/yahboomcar_astra:/root/yahboomcar_ros2_ws/yahboomcar_ws/install/yahboom_app_save_map:/root/yahboomcar_ros2_ws/yahboomcar_ws/install/robot_pose_publisher:/root/yahboomcar_ros2_ws/yahboomcar_ws/install/laserscan_to_point_pulisher:/opt/ros/foxy /usr/bin/cmake --build /root/yahboomcar_ros2_ws/yahboomcar_ws/build/yahboomcar_base_node -- -j4 -l4
[1.044s] [35m[1mScanning dependencies of target base_node_R2[0m
[1.045s] [35m[1mScanning dependencies of target base_node_X3[0m
[1.045s] [35m[1mScanning dependencies of target base_node_x1[0m
[1.203s] [ 16%] [32mBuilding CXX object CMakeFiles/base_node_X3.dir/src/base_node_X3.cpp.o[0m
[1.222s] [ 33%] [32mBuilding CXX object CMakeFiles/base_node_x1.dir/src/base_node_x1.cpp.o[0m
[1.246s] [ 50%] [32mBuilding CXX object CMakeFiles/base_node_R2.dir/src/base_node_R2.cpp.o[0m
[9.877s] [01m[K/root/yahboomcar_ros2_ws/yahboomcar_ws/src/yahboomcar_base_node/src/base_node_R2.cpp:[m[K In member function â€˜[01m[Kvoid OdomPublisher::handle_vel(std::shared_ptr<geometry_msgs::msg::Twist_<std::allocator<void> > >)[m[Kâ€™:
[9.878s] [01m[K/root/yahboomcar_ros2_ws/yahboomcar_ws/src/yahboomcar_base_node/src/base_node_R2.cpp:101:27:[m[K [01;31m[Kerror: [m[Kâ€˜[01m[Kodom_frame[m[Kâ€™ was not declared in this scope
[9.878s]   101 |    odom.header.frame_id = [01;31m[Kodom_frame[m[K;
[9.879s]       |                           [01;31m[K^~~~~~~~~~[m[K
[9.896s] [01m[K/root/yahboomcar_ros2_ws/yahboomcar_ws/src/yahboomcar_base_node/src/base_node_R2.cpp:102:26:[m[K [01;31m[Kerror: [m[Kâ€˜[01m[Kbase_footprint_frame[m[Kâ€™ was not declared in this scope
[9.896s]   102 |    odom.child_frame_id = [01;31m[Kbase_footprint_frame[m[K;
[9.897s]       |                          [01;31m[K^~~~~~~~~~~~~~~~~~~~[m[K
[9.922s] [01m[K/root/yahboomcar_ros2_ws/yahboomcar_ws/src/yahboomcar_base_node/src/base_node_x1.cpp:[m[K In member function â€˜[01m[Kvoid OdomPublisher::handle_vel(std::shared_ptr<geometry_msgs::msg::Twist_<std::allocator<void> > >)[m[Kâ€™:
[9.922s] [01m[K/root/yahboomcar_ros2_ws/yahboomcar_ws/src/yahboomcar_base_node/src/base_node_x1.cpp:101:27:[m[K [01;31m[Kerror: [m[Kâ€˜[01m[Kodom_frame[m[Kâ€™ was not declared in this scope
[9.923s]   101 |    odom.header.frame_id = [01;31m[Kodom_frame[m[K;
[9.923s]       |                           [01;31m[K^~~~~~~~~~[m[K
[9.925s] [01m[K/root/yahboomcar_ros2_ws/yahboomcar_ws/src/yahboomcar_base_node/src/base_node_X3.cpp:[m[K In member function â€˜[01m[Kvoid OdomPublisher::handle_vel(std::shared_ptr<geometry_msgs::msg::Twist_<std::allocator<void> > >)[m[Kâ€™:
[9.926s] [01m[K/root/yahboomcar_ros2_ws/yahboomcar_ws/src/yahboomcar_base_node/src/base_node_X3.cpp:102:27:[m[K [01;31m[Kerror: [m[Kâ€˜[01m[Kodom_frame[m[Kâ€™ was not declared in this scope
[9.926s]   102 |    odom.header.frame_id = [01;31m[Kodom_frame[m[K;
[9.927s]       |                           [01;31m[K^~~~~~~~~~[m[K
[9.940s] [01m[K/root/yahboomcar_ros2_ws/yahboomcar_ws/src/yahboomcar_base_node/src/base_node_x1.cpp:102:26:[m[K [01;31m[Kerror: [m[Kâ€˜[01m[Kbase_footprint_frame[m[Kâ€™ was not declared in this scope
[9.941s]   102 |    odom.child_frame_id = [01;31m[Kbase_footprint_frame[m[K;
[9.941s]       |                          [01;31m[K^~~~~~~~~~~~~~~~~~~~[m[K
[9.944s] [01m[K/root/yahboomcar_ros2_ws/yahboomcar_ws/src/yahboomcar_base_node/src/base_node_X3.cpp:103:27:[m[K [01;31m[Kerror: [m[Kâ€˜[01m[Kbase_footprint_frame[m[Kâ€™ was not declared in this scope
[9.945s]   103 |    odom.child_frame_id =  [01;31m[Kbase_footprint_frame[m[K;
[9.945s]       |                           [01;31m[K^~~~~~~~~~~~~~~~~~~~[m[K
[9.979s] [01m[K/root/yahboomcar_ros2_ws/yahboomcar_ws/src/yahboomcar_base_node/src/base_node_X3.cpp:81:11:[m[K [01;35m[Kwarning: [m[Kunused variable â€˜[01m[Ksteer_angle[m[Kâ€™ [[01;35m[K-Wunused-variable[m[K]
[9.979s]    81 |    double [01;35m[Ksteer_angle[m[K = linear_velocity_y_;
[9.980s]       |           [01;35m[K^~~~~~~~~~~[m[K
[9.980s] [01m[K/root/yahboomcar_ros2_ws/yahboomcar_ws/src/yahboomcar_base_node/src/base_node_X3.cpp:82:11:[m[K [01;35m[Kwarning: [m[Kunused variable â€˜[01m[KMI_PI[m[Kâ€™ [[01;35m[K-Wunused-variable[m[K]
[9.981s]    82 |    double [01;35m[KMI_PI[m[K = 3.1416;
[9.981s]       |           [01;35m[K^~~~~[m[K
[17.952s] make[2]: *** [CMakeFiles/base_node_x1.dir/build.make:63: CMakeFiles/base_node_x1.dir/src/base_node_x1.cpp.o] Error 1
[17.953s] make[1]: *** [CMakeFiles/Makefile2:109: CMakeFiles/base_node_x1.dir/all] Error 2
[17.954s] make[1]: *** Waiting for unfinished jobs....
[17.954s] make[2]: *** [CMakeFiles/base_node_R2.dir/build.make:63: CMakeFiles/base_node_R2.dir/src/base_node_R2.cpp.o] Error 1
[17.954s] make[1]: *** [CMakeFiles/Makefile2:82: CMakeFiles/base_node_R2.dir/all] Error 2
[17.959s] make[2]: *** [CMakeFiles/base_node_X3.dir/build.make:63: CMakeFiles/base_node_X3.dir/src/base_node_X3.cpp.o] Error 1
[17.960s] make[1]: *** [CMakeFiles/Makefile2:136: CMakeFiles/base_node_X3.dir/all] Error 2
[17.961s] make: *** [Makefile:141: all] Error 2
[17.969s] Invoked command in '/root/yahboomcar_ros2_ws/yahboomcar_ws/build/yahboomcar_base_node' returned '2': CMAKE_PREFIX_PATH=${CMAKE_PREFIX_PATH}:/root/yahboomcar_ros2_ws/yahboomcar_ws/install/yahboomcar_voice_ctrl:/root/yahboomcar_ros2_ws/yahboomcar_ws/install/yahboomcar_visual:/root/yahboomcar_ros2_ws/yahboomcar_ws/install/yahboomcar_nav:/root/yahboomcar_ros2_ws/yahboomcar_ws/install/yahboomcar_multi:/root/yahboomcar_ros2_ws/yahboomcar_ws/install/yahboomcar_mediapipe:/root/yahboomcar_ros2_ws/yahboomcar_ws/install/yahboomcar_linefollow:/root/yahboomcar_ros2_ws/yahboomcar_ws/install/yahboomcar_laser:/root/yahboomcar_ros2_ws/yahboomcar_ws/install/yahboomcar_description_x1:/root/yahboomcar_ros2_ws/yahboomcar_ws/install/yahboomcar_description:/root/yahboomcar_ros2_ws/yahboomcar_ws/install/yahboomcar_ctrl:/root/yahboomcar_ros2_ws/yahboomcar_ws/install/yahboomcar_bringup:/root/yahboomcar_ros2_ws/yahboomcar_ws/install/yahboomcar_astra:/root/yahboomcar_ros2_ws/yahboomcar_ws/install/yahboom_app_save_map:/root/yahboomcar_ros2_ws/yahboomcar_ws/install/robot_pose_publisher:/root/yahboomcar_ros2_ws/yahboomcar_ws/install/laserscan_to_point_pulisher:/opt/ros/foxy /usr/bin/cmake --build /root/yahboomcar_ros2_ws/yahboomcar_ws/build/yahboomcar_base_node -- -j4 -l4
