[01m[K/root/yahboomcar_ros2_ws/yahboomcar_ws/src/yahboomcar_base_node/src/base_node_X3.cpp:[m[K In member function â€˜[01m[Kvoid OdomPublisher::handle_vel(std::shared_ptr<geometry_msgs::msg::Twist_<std::allocator<void> > >)[m[Kâ€™:
[01m[K/root/yahboomcar_ros2_ws/yahboomcar_ws/src/yahboomcar_base_node/src/base_node_X3.cpp:136:37:[m[K [01;31m[Kerror: [m[Kâ€˜[01m[Kodom_fram[m[Kâ€™ was not declared in this scope; did you mean â€˜[01m[Kodom_frame[m[Kâ€™?
  136 |                 t.header.frame_id = [01;31m[Kodom_fram[m[K;
      |                                     [01;31m[K^~~~~~~~~[m[K
      |                                     [32m[Kodom_frame[m[K
[01m[K/root/yahboomcar_ros2_ws/yahboomcar_ws/src/yahboomcar_base_node/src/base_node_X3.cpp:83:11:[m[K [01;35m[Kwarning: [m[Kunused variable â€˜[01m[Ksteer_angle[m[Kâ€™ [[01;35m[K-Wunused-variable[m[K]
   83 |    double [01;35m[Ksteer_angle[m[K = linear_velocity_y_;
      |           [01;35m[K^~~~~~~~~~~[m[K
[01m[K/root/yahboomcar_ros2_ws/yahboomcar_ws/src/yahboomcar_base_node/src/base_node_X3.cpp:84:11:[m[K [01;35m[Kwarning: [m[Kunused variable â€˜[01m[KMI_PI[m[Kâ€™ [[01;35m[K-Wunused-variable[m[K]
   84 |    double [01;35m[KMI_PI[m[K = 3.1416;
      |           [01;35m[K^~~~~[m[K
make[2]: *** [CMakeFiles/base_node_X3.dir/build.make:63: CMakeFiles/base_node_X3.dir/src/base_node_X3.cpp.o] Error 1
make[1]: *** [CMakeFiles/Makefile2:136: CMakeFiles/base_node_X3.dir/all] Error 2
make: *** [Makefile:141: all] Error 2
