-- The C compiler identification is GNU 9.4.0
-- The CXX compiler identification is GNU 9.4.0
-- Check for working C compiler: /usr/bin/cc
-- Check for working C compiler: /usr/bin/cc -- works
-- Detecting C compiler ABI info
-- Detecting C compiler ABI info - done
-- Detecting C compile features
-- Detecting C compile features - done
-- Check for working CXX compiler: /usr/bin/c++
-- Check for working CXX compiler: /usr/bin/c++ -- works
-- Detecting CXX compiler ABI info
-- Detecting CXX compiler ABI info - done
-- Detecting CXX compile features
-- Detecting CXX compile features - done
-- Found ament_cmake: 0.9.11 (/opt/ros/foxy/share/ament_cmake/cmake)
-- Found PythonInterp: /usr/bin/python3 (found suitable version "3.8.10", minimum required is "3") 
-- Using PYTHON_EXECUTABLE: /usr/bin/python3
-- Found geometry_msgs: 2.0.5 (/opt/ros/foxy/share/geometry_msgs/cmake)
-- Using all available rosidl_typesupport_c: rosidl_typesupport_fastrtps_c;rosidl_typesupport_introspection_c
-- Found rosidl_adapter: 1.3.0 (/opt/ros/foxy/share/rosidl_adapter/cmake)
-- Found OpenSSL: /usr/lib/aarch64-linux-gnu/libcrypto.so (found version "1.1.1f")  
-- Found FastRTPS: /opt/ros/foxy/include  
-- Using all available rosidl_typesupport_cpp: rosidl_typesupport_fastrtps_cpp;rosidl_typesupport_introspection_cpp
-- Found sensor_msgs: 2.0.5 (/opt/ros/foxy/share/sensor_msgs/cmake)
-- Found rclcpp: 2.4.2 (/opt/ros/foxy/share/rclcpp/cmake)
-- Found rmw_implementation_cmake: 1.0.3 (/opt/ros/foxy/share/rmw_implementation_cmake/cmake)
-- Using RMW implementation 'rmw_fastrtps_cpp' as default
-- Looking for pthread.h
-- Looking for pthread.h - found
-- Performing Test CMAKE_HAVE_LIBC_PTHREAD
-- Performing Test CMAKE_HAVE_LIBC_PTHREAD - Failed
-- Looking for pthread_create in pthreads
-- Looking for pthread_create in pthreads - not found
-- Looking for pthread_create in pthread
-- Looking for pthread_create in pthread - found
-- Found Threads: TRUE  
-- Found OpenCV: /usr/local (found version "3.2.0") 
-- Found cv_bridge: 3.0.7 (/opt/ros/foxy/share/cv_bridge/cmake)
-- Found ament_lint_auto: 0.9.7 (/opt/ros/foxy/share/ament_lint_auto/cmake)
WARNING: Package name "yahboomcar_KCFTracker" does not follow the naming conventions. It should start with a lower case letter and only contain lower case letters, digits, underscores, and dashes.
-- Added test 'copyright' to check source files copyright and LICENSE
-- Added test 'cppcheck' to perform static code analysis on C / C++ code
-- Configured cppcheck include dirs: /root/yahboomcar_ros2_ws/yahboomcar_ws/src/yahboomcar_KCFTracker/include/yahboomcar_KCFTracker
-- Configured cppcheck exclude dirs and/or files: 
-- Added test 'cpplint' to check C / C++ code against the Google style
-- Configured cpplint exclude dirs and/or files: 
-- Added test 'flake8' to check Python code syntax and style conventions
-- Added test 'lint_cmake' to check CMake code style
-- Added test 'pep257' to check Python code against some of the style conventions in PEP 257
-- Added test 'uncrustify' to check C / C++ code style
-- Configured uncrustify additional arguments: 
-- Added test 'xmllint' to check XML markup files
-- Configuring done
-- Generating done
-- Build files have been written to: /root/yahboomcar_ros2_ws/yahboomcar_ws/build/yahboomcar_KCFTracker
[35m[1mScanning dependencies of target KCF_Tracker_Node[0m
[ 16%] [32mBuilding CXX object CMakeFiles/KCF_Tracker_Node.dir/src/KCF_Tracker_main.cpp.o[0m
In file included from [01m[K/root/yahboomcar_ros2_ws/yahboomcar_ws/src/yahboomcar_KCFTracker/include/yahboomcar_KCFTracker/KCF_Tracker.h:12[m[K,
                 from [01m[K/root/yahboomcar_ros2_ws/yahboomcar_ws/src/yahboomcar_KCFTracker/src/KCF_Tracker_main.cpp:2[m[K:
[01m[K/opt/ros/foxy/include/image_transport/image_transport.h:41:89:[m[K [01;36m[Knote: [m[K#pragma message: Warning: This header is deprecated. Use 'image_transport.hpp' instead
   41 | #pragma message ("Warning: This header is deprecated. Use 'image_transport.hpp' instead"[01;36m[K)[m[K
      |                                                                                         [01;36m[K^[m[K
[ 33%] [32mBuilding CXX object CMakeFiles/KCF_Tracker_Node.dir/include/yahboomcar_KCFTracker/fhog.cpp.o[0m
[ 50%] [32mBuilding CXX object CMakeFiles/KCF_Tracker_Node.dir/include/yahboomcar_KCFTracker/PID.cpp.o[0m
[ 66%] [32mBuilding CXX object CMakeFiles/KCF_Tracker_Node.dir/include/yahboomcar_KCFTracker/kcftracker.cpp.o[0m
[01m[K/root/yahboomcar_ros2_ws/yahboomcar_ws/src/yahboomcar_KCFTracker/include/yahboomcar_KCFTracker/kcftracker.cpp:[m[K In member function â€˜[01m[Kcv::Mat KCFTracker::getFeatures(const cv::Mat&, bool, float)[m[Kâ€™:
[01m[K/root/yahboomcar_ros2_ws/yahboomcar_ws/src/yahboomcar_KCFTracker/include/yahboomcar_KCFTracker/kcftracker.cpp:398:26:[m[K [01;31m[Kerror: [m[Kâ€˜[01m[KcvIplImage[m[Kâ€™ was not declared in this scope; did you mean â€˜[01m[KIplImage[m[Kâ€™?
  398 |         IplImage z_ipl = [01;31m[KcvIplImage[m[K(z);
      |                          [01;31m[K^~~~~~~~~~[m[K
      |                          [32m[KIplImage[m[K
make[2]: *** [CMakeFiles/KCF_Tracker_Node.dir/build.make:89: CMakeFiles/KCF_Tracker_Node.dir/include/yahboomcar_KCFTracker/kcftracker.cpp.o] Error 1
make[1]: *** [CMakeFiles/Makefile2:78: CMakeFiles/KCF_Tracker_Node.dir/all] Error 2
make: *** [Makefile:141: all] Error 2
